[2025-01-03T07:05:52.920Z] Starting sync process
[2025-01-03T07:05:52.927Z] Error generating markdown files
Error: {}
[2025-01-03T07:05:52.927Z] Sync process failed
Error: {}
[2025-01-03T07:07:48.660Z] Starting sync process
[2025-01-03T07:07:48.666Z] Error generating markdown files
Error: {}
[2025-01-03T07:07:48.667Z] Sync process failed
Error: {}
[2025-01-03T22:21:02.880Z] Starting sync process
[2025-01-03T22:21:02.888Z] Error generating markdown files
Error: {}
[2025-01-03T22:21:02.889Z] Sync process failed
Error: {}
[2025-01-03T22:24:22.502Z] Starting sync process
[2025-01-03T22:24:23.527Z] Error generating markdown files
Error: {}
[2025-01-03T22:24:23.528Z] Sync process failed
Error: {}
[2025-01-03T22:39:08.143Z] Starting sync process
[2025-01-03T22:39:09.079Z] Found 0 posts to process
[2025-01-03T22:39:09.480Z] Updated RSS feed
[2025-01-03T22:39:09.889Z] No new posts to notify about
[2025-01-03T22:39:09.890Z] Successfully completed sync process
[2025-01-03T22:45:16.574Z] Starting sync process
[2025-01-03T22:45:18.734Z] Found 0 posts to process
[2025-01-03T22:45:19.547Z] Updated RSS feed
[2025-01-03T22:45:20.566Z] No new posts to notify about
[2025-01-03T22:45:20.567Z] Successfully completed sync process
[2025-01-03T22:51:14.128Z] Starting sync process
[2025-01-03T22:52:57.260Z] Starting sync process
[2025-01-03T22:53:39.242Z] Found 2 posts to process
[2025-01-03T22:53:39.248Z] Generated markdown file: docker-tutorial.md
[2025-01-03T22:53:39.250Z] Generated markdown file: linux-operating-system.md
[2025-01-03T22:54:24.300Z] Updated RSS feed
[2025-01-03T22:55:06.905Z] Error notifying subscribers
Error: {}
[2025-01-03T22:55:06.906Z] Sync process failed
Error: {}
[2025-01-03T22:58:07.016Z] Starting sync process
[2025-01-03T22:59:07.199Z] Starting sync process
[2025-01-03T22:59:47.057Z] Found 2 posts to process
[2025-01-03T22:59:47.062Z] Generated markdown file: docker-tutorial.md
[2025-01-03T22:59:47.065Z] Generated markdown file: linux-operating-system.md
[2025-01-03T23:00:29.829Z] Updated RSS feed
[2025-01-03T23:01:19.569Z] Error notifying subscribers
Error: {}
[2025-01-03T23:01:19.572Z] Sync process failed
Error: {}
[2025-01-03T23:04:37.795Z] Starting sync process
[2025-01-03T23:05:33.725Z] Found 2 posts to process
[2025-01-03T23:05:33.730Z] Generated markdown file: docker-tutorial.md
[2025-01-03T23:05:33.732Z] Generated markdown file: linux-operating-system.md
[2025-01-03T23:06:18.721Z] Updated RSS feed
[2025-01-03T23:06:56.626Z] Starting sync process
[2025-01-03T23:07:37.621Z] Found 2 posts to process
[2025-01-03T23:07:37.662Z] Generated markdown file: docker-tutorial.md
[2025-01-03T23:07:37.664Z] Generated markdown file: linux-operating-system.md
[2025-01-03T23:08:22.680Z] Updated RSS feed
[2025-01-03T23:09:05.416Z] Error notifying subscribers
Error: {}
[2025-01-03T23:09:05.421Z] Sync process failed
Error: {}
[2025-01-03T23:17:13.751Z] Starting sync process
[2025-01-03T23:18:02.743Z] Found 2 posts to process
[2025-01-03T23:18:02.779Z] Generated markdown file: docker-tutorial.md
[2025-01-03T23:18:02.781Z] Generated markdown file: linux-operating-system.md
[2025-01-03T23:24:31.744Z] Starting sync process
[2025-01-03T23:25:11.195Z] Found 2 posts to process
[2025-01-03T23:25:11.230Z] Generated markdown file: docker-tutorial.md
[2025-01-03T23:25:11.231Z] Generated markdown file: linux-operating-system.md
[2025-01-03T23:25:50.625Z] Updated RSS feed
[2025-01-03T23:26:32.685Z] Error notifying subscribers
Error: {}
[2025-01-03T23:26:32.703Z] Sync process failed
Error: {}
[2025-01-03T23:30:12.812Z] Starting sync process
[2025-01-03T23:30:56.468Z] Found 2 posts to process
[2025-01-03T23:30:56.504Z] Generated markdown file: docker-tutorial.md
[2025-01-03T23:30:56.505Z] Generated markdown file: linux-operating-system.md
[2025-01-03T23:31:31.910Z] Updated RSS feed
[2025-01-03T23:32:15.780Z] Error notifying subscribers
Error: {}
[2025-01-03T23:32:15.784Z] Sync process failed
Error: {}
[2025-01-04T01:14:41.493Z] Starting sync process
[2025-01-04T01:15:30.371Z] Found 13 posts to process
[2025-01-04T01:15:30.466Z] Generated markdown file: cloud-heath-benefits.md
[2025-01-04T01:15:30.468Z] Generated markdown file: warp-newgen=terminal.md
[2025-01-04T01:15:30.469Z] Generated markdown file: synk-and-docker.md
[2025-01-04T01:15:30.471Z] Generated markdown file: docker-tutorial.md
[2025-01-04T01:15:30.472Z] Generated markdown file: full-stack-chatapp-project.md
[2025-01-04T01:15:30.474Z] Generated markdown file: linux-operating-system.md
[2025-01-04T01:15:30.475Z] Generated markdown file: personal-chat-gpt.md
[2025-01-04T01:15:30.476Z] Generated markdown file: git&github-indepth-guide.md
[2025-01-04T01:15:30.477Z] Generated markdown file: ai-tools-for-industry.md
[2025-01-04T01:15:30.479Z] Generated markdown file: pieces-for-developer-beginner-guide.md
[2025-01-04T01:15:30.480Z] Generated markdown file: what-is-devops.md
[2025-01-04T01:15:30.480Z] Generated markdown file: everything-you-need-to-pieces-for-developer-.md
[2025-01-04T01:15:30.482Z] Generated markdown file: linux-beginner-friendly-cheatsheet.md
[2025-01-04T01:19:44.304Z] Starting sync process
[2025-01-04T01:20:29.860Z] Found 13 posts to process
[2025-01-04T01:20:29.930Z] Generated markdown file: cloud-heath-benefits.md
[2025-01-04T01:20:29.934Z] Generated markdown file: warp-newgen=terminal.md
[2025-01-04T01:20:29.937Z] Generated markdown file: synk-and-docker.md
[2025-01-04T01:20:29.950Z] Generated markdown file: docker-tutorial.md
[2025-01-04T01:20:29.954Z] Generated markdown file: full-stack-chatapp-project.md
[2025-01-04T01:20:29.971Z] Generated markdown file: linux-operating-system.md
[2025-01-04T01:20:29.973Z] Generated markdown file: personal-chat-gpt.md
[2025-01-04T01:20:29.977Z] Generated markdown file: git&github-indepth-guide.md
[2025-01-04T01:20:29.980Z] Generated markdown file: ai-tools-for-industry.md
[2025-01-04T01:20:29.981Z] Generated markdown file: pieces-for-developer-beginner-guide.md
[2025-01-04T01:20:29.983Z] Generated markdown file: what-is-devops.md
[2025-01-04T01:20:29.985Z] Generated markdown file: everything-you-need-to-pieces-for-developer-.md
[2025-01-04T01:20:29.992Z] Generated markdown file: linux-beginner-friendly-cheatsheet.md
[2025-01-04T01:21:11.810Z] Updated RSS feed
[2025-01-04T01:21:54.378Z] Error notifying subscribers
Error: {}
[2025-01-04T01:21:54.380Z] Sync process failed
Error: {}
[2025-01-04T01:22:52.990Z] Starting sync process
[2025-01-04T01:23:34.856Z] Found 13 posts to process
[2025-01-04T01:23:34.894Z] Generated markdown file: cloud-heath-benefits.md
[2025-01-04T01:23:34.897Z] Generated markdown file: warp-newgen=terminal.md
[2025-01-04T01:23:34.899Z] Generated markdown file: synk-and-docker.md
[2025-01-04T01:23:34.902Z] Generated markdown file: docker-tutorial.md
[2025-01-04T01:23:34.904Z] Generated markdown file: full-stack-chatapp-project.md
[2025-01-04T01:23:34.906Z] Generated markdown file: linux-operating-system.md
[2025-01-04T01:23:34.908Z] Generated markdown file: personal-chat-gpt.md
[2025-01-04T01:23:34.910Z] Generated markdown file: git&github-indepth-guide.md
[2025-01-04T01:23:34.917Z] Generated markdown file: ai-tools-for-industry.md
[2025-01-04T01:23:34.920Z] Generated markdown file: pieces-for-developer-beginner-guide.md
[2025-01-04T01:23:34.921Z] Generated markdown file: what-is-devops.md
[2025-01-04T01:23:34.923Z] Generated markdown file: everything-you-need-to-pieces-for-developer-.md
[2025-01-04T01:23:34.924Z] Generated markdown file: linux-beginner-friendly-cheatsheet.md
[2025-01-04T01:24:23.330Z] Updated RSS feed
[2025-01-04T01:25:32.599Z] Starting sync process
[2025-01-04T01:26:10.093Z] Found 13 posts to process
[2025-01-04T01:26:10.124Z] Generated markdown file: cloud-heath-benefits.md
[2025-01-04T01:26:10.125Z] Generated markdown file: warp-newgen=terminal.md
[2025-01-04T01:26:10.127Z] Generated markdown file: synk-and-docker.md
[2025-01-04T01:26:10.129Z] Generated markdown file: docker-tutorial.md
[2025-01-04T01:26:10.132Z] Generated markdown file: full-stack-chatapp-project.md
[2025-01-04T01:26:10.134Z] Generated markdown file: linux-operating-system.md
[2025-01-04T01:26:10.135Z] Generated markdown file: personal-chat-gpt.md
[2025-01-04T01:26:10.136Z] Generated markdown file: git&github-indepth-guide.md
[2025-01-04T01:26:10.138Z] Generated markdown file: ai-tools-for-industry.md
[2025-01-04T01:26:10.140Z] Generated markdown file: pieces-for-developer-beginner-guide.md
[2025-01-04T01:26:10.141Z] Generated markdown file: what-is-devops.md
[2025-01-04T01:26:10.142Z] Generated markdown file: everything-you-need-to-pieces-for-developer-.md
[2025-01-04T01:26:10.143Z] Generated markdown file: linux-beginner-friendly-cheatsheet.md
[2025-01-04T01:27:06.929Z] Updated RSS feed
[2025-01-04T01:29:13.783Z] Starting sync process
[2025-01-04T01:29:52.744Z] Found 13 posts to process
[2025-01-04T01:29:52.786Z] Generated markdown file: cloud-heath-benefits.md
[2025-01-04T01:29:52.789Z] Generated markdown file: warp-newgen=terminal.md
[2025-01-04T01:29:52.790Z] Generated markdown file: synk-and-docker.md
[2025-01-04T01:29:52.794Z] Generated markdown file: docker-tutorial.md
[2025-01-04T01:29:52.808Z] Generated markdown file: full-stack-chatapp-project.md
[2025-01-04T01:29:52.810Z] Generated markdown file: linux-operating-system.md
[2025-01-04T01:29:52.812Z] Generated markdown file: personal-chat-gpt.md
[2025-01-04T01:29:52.814Z] Generated markdown file: git&github-indepth-guide.md
[2025-01-04T01:29:52.816Z] Generated markdown file: ai-tools-for-industry.md
[2025-01-04T01:29:52.818Z] Generated markdown file: pieces-for-developer-beginner-guide.md
[2025-01-04T01:29:52.820Z] Generated markdown file: what-is-devops.md
[2025-01-04T01:29:52.822Z] Generated markdown file: everything-you-need-to-pieces-for-developer-.md
[2025-01-04T01:29:52.824Z] Generated markdown file: linux-beginner-friendly-cheatsheet.md
[2025-01-04T01:30:41.113Z] Updated RSS feed
[2025-01-04T01:31:26.237Z] Error notifying subscribers
Error: {}
[2025-01-04T01:31:26.240Z] Sync process failed
Error: {}
[2025-01-04T01:32:35.433Z] Starting sync process
[2025-01-04T01:33:27.431Z] Found 13 posts to process
[2025-01-04T01:33:27.469Z] Generated markdown file: cloud-heath-benefits.md
[2025-01-04T01:33:27.471Z] Generated markdown file: warp-newgen=terminal.md
[2025-01-04T01:33:27.473Z] Generated markdown file: synk-and-docker.md
[2025-01-04T01:33:27.475Z] Generated markdown file: docker-tutorial.md
[2025-01-04T01:33:27.478Z] Generated markdown file: full-stack-chatapp-project.md
[2025-01-04T01:33:27.481Z] Generated markdown file: linux-operating-system.md
[2025-01-04T01:33:27.484Z] Generated markdown file: personal-chat-gpt.md
[2025-01-04T01:33:27.485Z] Generated markdown file: git&github-indepth-guide.md
[2025-01-04T01:33:27.489Z] Generated markdown file: ai-tools-for-industry.md
[2025-01-04T01:33:27.490Z] Generated markdown file: pieces-for-developer-beginner-guide.md
[2025-01-04T01:33:27.492Z] Generated markdown file: what-is-devops.md
[2025-01-04T01:33:27.493Z] Generated markdown file: everything-you-need-to-pieces-for-developer-.md
[2025-01-04T01:33:27.495Z] Generated markdown file: linux-beginner-friendly-cheatsheet.md
[2025-01-04T01:34:15.049Z] Updated RSS feed
[2025-01-04T01:35:06.493Z] Error notifying subscribers
Error: {}
[2025-01-04T01:35:06.496Z] Sync process failed
Error: {}
[2025-01-04T01:36:41.207Z] Starting sync process
[2025-01-04T01:37:20.414Z] Found 13 posts to process
[2025-01-04T01:37:20.526Z] Generated markdown file: cloud-heath-benefits.md
[2025-01-04T01:37:20.528Z] Generated markdown file: warp-newgen=terminal.md
[2025-01-04T01:37:20.530Z] Generated markdown file: synk-and-docker.md
[2025-01-04T01:37:20.536Z] Generated markdown file: docker-tutorial.md
[2025-01-04T01:37:20.541Z] Generated markdown file: full-stack-chatapp-project.md
[2025-01-04T01:37:20.547Z] Generated markdown file: linux-operating-system.md
[2025-01-04T01:37:20.567Z] Generated markdown file: personal-chat-gpt.md
[2025-01-04T01:37:20.571Z] Generated markdown file: git&github-indepth-guide.md
[2025-01-04T01:37:20.587Z] Generated markdown file: ai-tools-for-industry.md
[2025-01-04T01:37:20.589Z] Generated markdown file: pieces-for-developer-beginner-guide.md
[2025-01-04T01:37:20.599Z] Generated markdown file: what-is-devops.md
[2025-01-04T01:37:20.604Z] Generated markdown file: everything-you-need-to-pieces-for-developer-.md
[2025-01-04T01:37:20.613Z] Generated markdown file: linux-beginner-friendly-cheatsheet.md
[2025-01-04T01:38:02.844Z] Updated RSS feed
[2025-01-04T01:38:56.607Z] Starting sync process
[2025-01-04T01:39:39.977Z] Found 13 posts to process
[2025-01-04T01:39:40.016Z] Generated markdown file: cloud-heath-benefits.md
[2025-01-04T01:39:40.021Z] Generated markdown file: warp-newgen=terminal.md
[2025-01-04T01:39:40.023Z] Generated markdown file: synk-and-docker.md
[2025-01-04T01:39:40.026Z] Generated markdown file: docker-tutorial.md
[2025-01-04T01:39:40.028Z] Generated markdown file: full-stack-chatapp-project.md
[2025-01-04T01:39:40.031Z] Generated markdown file: linux-operating-system.md
[2025-01-04T01:39:40.033Z] Generated markdown file: personal-chat-gpt.md
[2025-01-04T01:39:40.036Z] Generated markdown file: git&github-indepth-guide.md
[2025-01-04T01:39:40.038Z] Generated markdown file: ai-tools-for-industry.md
[2025-01-04T01:39:40.040Z] Generated markdown file: pieces-for-developer-beginner-guide.md
[2025-01-04T01:39:40.041Z] Generated markdown file: what-is-devops.md
[2025-01-04T01:39:40.042Z] Generated markdown file: everything-you-need-to-pieces-for-developer-.md
[2025-01-04T01:39:40.045Z] Generated markdown file: linux-beginner-friendly-cheatsheet.md
[2025-01-04T01:40:18.793Z] Updated RSS feed
[2025-01-04T01:41:05.834Z] Error notifying subscribers
Error: {}
[2025-01-04T01:41:05.838Z] Sync process failed
Error: {}
[2025-01-04T01:43:28.044Z] Starting sync process
[2025-01-04T01:44:07.658Z] Found 13 posts to process
[2025-01-04T01:44:07.691Z] Generated markdown file: cloud-heath-benefits.md
[2025-01-04T01:44:07.694Z] Generated markdown file: warp-newgen=terminal.md
[2025-01-04T01:44:07.698Z] Generated markdown file: synk-and-docker.md
[2025-01-04T01:44:07.700Z] Generated markdown file: docker-tutorial.md
[2025-01-04T01:44:07.703Z] Generated markdown file: full-stack-chatapp-project.md
[2025-01-04T01:44:07.709Z] Generated markdown file: linux-operating-system.md
[2025-01-04T01:44:07.712Z] Generated markdown file: personal-chat-gpt.md
[2025-01-04T01:44:07.715Z] Generated markdown file: git&github-indepth-guide.md
[2025-01-04T01:44:07.718Z] Generated markdown file: ai-tools-for-industry.md
[2025-01-04T01:44:07.719Z] Generated markdown file: pieces-for-developer-beginner-guide.md
[2025-01-04T01:44:07.721Z] Generated markdown file: what-is-devops.md
[2025-01-04T01:44:07.725Z] Generated markdown file: everything-you-need-to-pieces-for-developer-.md
[2025-01-04T01:44:07.727Z] Generated markdown file: linux-beginner-friendly-cheatsheet.md
[2025-01-04T01:44:44.903Z] Updated RSS feed
[2025-01-04T01:45:34.316Z] Starting sync process
[2025-01-04T01:46:19.738Z] Found 13 posts to process
[2025-01-04T01:46:19.784Z] Generated markdown file: cloud-heath-benefits.md
[2025-01-04T01:46:19.786Z] Generated markdown file: warp-newgen=terminal.md
[2025-01-04T01:46:19.787Z] Generated markdown file: synk-and-docker.md
[2025-01-04T01:46:19.789Z] Generated markdown file: docker-tutorial.md
[2025-01-04T01:46:19.793Z] Generated markdown file: full-stack-chatapp-project.md
[2025-01-04T01:46:19.795Z] Generated markdown file: linux-operating-system.md
[2025-01-04T01:46:19.797Z] Generated markdown file: personal-chat-gpt.md
[2025-01-04T01:46:19.798Z] Generated markdown file: git&github-indepth-guide.md
[2025-01-04T01:46:19.801Z] Generated markdown file: ai-tools-for-industry.md
[2025-01-04T01:46:19.803Z] Generated markdown file: pieces-for-developer-beginner-guide.md
[2025-01-04T01:46:19.805Z] Generated markdown file: what-is-devops.md
[2025-01-04T01:46:19.806Z] Generated markdown file: everything-you-need-to-pieces-for-developer-.md
[2025-01-04T01:46:19.808Z] Generated markdown file: linux-beginner-friendly-cheatsheet.md
[2025-01-04T01:47:01.698Z] Updated RSS feed
[2025-01-04T01:47:33.787Z] Starting sync process
[2025-01-04T01:48:14.658Z] Found 13 posts to process
[2025-01-04T01:48:14.694Z] Generated markdown file: cloud-heath-benefits.md
[2025-01-04T01:48:14.696Z] Generated markdown file: warp-newgen=terminal.md
[2025-01-04T01:48:14.697Z] Generated markdown file: synk-and-docker.md
[2025-01-04T01:48:14.699Z] Generated markdown file: docker-tutorial.md
[2025-01-04T01:48:14.701Z] Generated markdown file: full-stack-chatapp-project.md
[2025-01-04T01:48:14.703Z] Generated markdown file: linux-operating-system.md
[2025-01-04T01:48:14.705Z] Generated markdown file: personal-chat-gpt.md
[2025-01-04T01:48:14.706Z] Generated markdown file: git&github-indepth-guide.md
[2025-01-04T01:48:14.707Z] Generated markdown file: ai-tools-for-industry.md
[2025-01-04T01:48:14.708Z] Generated markdown file: pieces-for-developer-beginner-guide.md
[2025-01-04T01:48:14.709Z] Generated markdown file: what-is-devops.md
[2025-01-04T01:48:14.710Z] Generated markdown file: everything-you-need-to-pieces-for-developer-.md
[2025-01-04T01:48:14.711Z] Generated markdown file: linux-beginner-friendly-cheatsheet.md
[2025-01-04T01:48:57.329Z] Updated RSS feed
[2025-01-04T01:49:41.945Z] Error notifying subscribers
Error: {}
[2025-01-04T01:49:41.947Z] Sync process failed
Error: {}
[2025-01-04T01:52:34.665Z] Starting sync process
[2025-01-04T01:53:17.001Z] Found 13 posts to process
[2025-01-04T01:53:17.036Z] Generated markdown file: cloud-heath-benefits.md
[2025-01-04T01:53:17.038Z] Generated markdown file: warp-newgen=terminal.md
[2025-01-04T01:53:17.040Z] Generated markdown file: synk-and-docker.md
[2025-01-04T01:53:17.043Z] Generated markdown file: docker-tutorial.md
[2025-01-04T01:53:17.046Z] Generated markdown file: full-stack-chatapp-project.md
[2025-01-04T01:53:17.050Z] Generated markdown file: linux-operating-system.md
[2025-01-04T01:53:17.053Z] Generated markdown file: personal-chat-gpt.md
[2025-01-04T01:53:17.054Z] Generated markdown file: git&github-indepth-guide.md
[2025-01-04T01:53:17.056Z] Generated markdown file: ai-tools-for-industry.md
[2025-01-04T01:53:17.058Z] Generated markdown file: pieces-for-developer-beginner-guide.md
[2025-01-04T01:53:17.064Z] Generated markdown file: what-is-devops.md
[2025-01-04T01:53:17.068Z] Generated markdown file: everything-you-need-to-pieces-for-developer-.md
[2025-01-04T01:53:17.070Z] Generated markdown file: linux-beginner-friendly-cheatsheet.md
[2025-01-04T01:54:01.984Z] Updated RSS feed
[2025-01-04T01:56:06.121Z] Starting sync process
[2025-01-04T01:56:51.658Z] Found 13 posts to process
[2025-01-04T01:56:51.695Z] Generated markdown file: cloud-heath-benefits.md
[2025-01-04T01:56:51.697Z] Generated markdown file: warp-newgen=terminal.md
[2025-01-04T01:56:51.699Z] Generated markdown file: synk-and-docker.md
[2025-01-04T01:56:51.701Z] Generated markdown file: docker-tutorial.md
[2025-01-04T01:56:51.703Z] Generated markdown file: full-stack-chatapp-project.md
[2025-01-04T01:56:51.708Z] Generated markdown file: linux-operating-system.md
[2025-01-04T01:56:51.723Z] Generated markdown file: personal-chat-gpt.md
[2025-01-04T01:56:51.736Z] Generated markdown file: git&github-indepth-guide.md
[2025-01-04T01:56:51.740Z] Generated markdown file: ai-tools-for-industry.md
[2025-01-04T01:56:51.742Z] Generated markdown file: pieces-for-developer-beginner-guide.md
[2025-01-04T01:56:51.768Z] Generated markdown file: what-is-devops.md
[2025-01-04T01:56:51.772Z] Generated markdown file: everything-you-need-to-pieces-for-developer-.md
[2025-01-04T01:56:51.774Z] Generated markdown file: linux-beginner-friendly-cheatsheet.md
[2025-01-04T01:57:35.011Z] Updated RSS feed
[2025-01-04T01:59:19.785Z] Starting sync process
[2025-01-04T02:00:00.062Z] Found 13 posts to process
[2025-01-04T02:00:00.095Z] Generated markdown file: cloud-heath-benefits.md
[2025-01-04T02:00:00.096Z] Generated markdown file: warp-newgen=terminal.md
[2025-01-04T02:00:00.097Z] Generated markdown file: synk-and-docker.md
[2025-01-04T02:00:00.100Z] Generated markdown file: docker-tutorial.md
[2025-01-04T02:00:00.103Z] Generated markdown file: full-stack-chatapp-project.md
[2025-01-04T02:00:00.106Z] Generated markdown file: linux-operating-system.md
[2025-01-04T02:00:00.109Z] Generated markdown file: personal-chat-gpt.md
[2025-01-04T02:00:00.112Z] Generated markdown file: git&github-indepth-guide.md
[2025-01-04T02:00:00.113Z] Generated markdown file: ai-tools-for-industry.md
[2025-01-04T02:00:00.115Z] Generated markdown file: pieces-for-developer-beginner-guide.md
[2025-01-04T02:00:00.117Z] Generated markdown file: what-is-devops.md
[2025-01-04T02:00:00.120Z] Generated markdown file: everything-you-need-to-pieces-for-developer-.md
[2025-01-04T02:00:00.122Z] Generated markdown file: linux-beginner-friendly-cheatsheet.md
[2025-01-04T02:01:54.211Z] Starting sync process
[2025-01-04T02:02:38.723Z] Found 13 posts to process
[2025-01-04T02:02:38.762Z] Generated markdown file: cloud-heath-benefits.md
[2025-01-04T02:02:38.764Z] Generated markdown file: warp-newgen=terminal.md
[2025-01-04T02:02:38.767Z] Generated markdown file: synk-and-docker.md
[2025-01-04T02:02:38.769Z] Generated markdown file: docker-tutorial.md
[2025-01-04T02:02:38.771Z] Generated markdown file: full-stack-chatapp-project.md
[2025-01-04T02:02:38.780Z] Generated markdown file: linux-operating-system.md
[2025-01-04T02:02:38.789Z] Generated markdown file: personal-chat-gpt.md
[2025-01-04T02:02:38.793Z] Generated markdown file: git&github-indepth-guide.md
[2025-01-04T02:02:38.799Z] Generated markdown file: ai-tools-for-industry.md
[2025-01-04T02:02:38.801Z] Generated markdown file: pieces-for-developer-beginner-guide.md
[2025-01-04T02:02:38.802Z] Generated markdown file: what-is-devops.md
[2025-01-04T02:02:38.803Z] Generated markdown file: everything-you-need-to-pieces-for-developer-.md
[2025-01-04T02:02:38.805Z] Generated markdown file: linux-beginner-friendly-cheatsheet.md
[2025-01-04T02:03:23.195Z] Updated RSS feed
[2025-01-04T02:04:45.026Z] Starting sync process
[2025-01-04T02:05:37.926Z] Found 13 posts to process
[2025-01-04T02:05:37.963Z] Generated markdown file: cloud-heath-benefits.md
[2025-01-04T02:05:37.966Z] Generated markdown file: warp-newgen=terminal.md
[2025-01-04T02:05:37.967Z] Generated markdown file: synk-and-docker.md
[2025-01-04T02:05:37.969Z] Generated markdown file: docker-tutorial.md
[2025-01-04T02:05:37.973Z] Generated markdown file: full-stack-chatapp-project.md
[2025-01-04T02:05:37.975Z] Generated markdown file: linux-operating-system.md
[2025-01-04T02:05:37.976Z] Generated markdown file: personal-chat-gpt.md
[2025-01-04T02:05:37.978Z] Generated markdown file: git&github-indepth-guide.md
[2025-01-04T02:05:37.981Z] Generated markdown file: ai-tools-for-industry.md
[2025-01-04T02:05:37.982Z] Generated markdown file: pieces-for-developer-beginner-guide.md
[2025-01-04T02:05:37.983Z] Generated markdown file: what-is-devops.md
[2025-01-04T02:05:37.984Z] Generated markdown file: everything-you-need-to-pieces-for-developer-.md
[2025-01-04T02:05:37.986Z] Generated markdown file: linux-beginner-friendly-cheatsheet.md
[2025-01-04T02:06:20.861Z] Updated RSS feed
[2025-01-04T02:08:07.985Z] Starting sync process
[2025-01-04T02:08:55.153Z] Found 13 posts to process
[2025-01-04T02:08:55.196Z] Generated markdown file: cloud-heath-benefits.md
[2025-01-04T02:08:55.199Z] Generated markdown file: warp-newgen=terminal.md
[2025-01-04T02:08:55.204Z] Generated markdown file: synk-and-docker.md
[2025-01-04T02:08:55.208Z] Generated markdown file: docker-tutorial.md
[2025-01-04T02:08:55.211Z] Generated markdown file: full-stack-chatapp-project.md
[2025-01-04T02:08:55.217Z] Generated markdown file: linux-operating-system.md
[2025-01-04T02:08:55.221Z] Generated markdown file: personal-chat-gpt.md
[2025-01-04T02:08:55.223Z] Generated markdown file: git&github-indepth-guide.md
[2025-01-04T02:08:55.224Z] Generated markdown file: ai-tools-for-industry.md
[2025-01-04T02:08:55.226Z] Generated markdown file: pieces-for-developer-beginner-guide.md
[2025-01-04T02:08:55.228Z] Generated markdown file: what-is-devops.md
[2025-01-04T02:08:55.230Z] Generated markdown file: everything-you-need-to-pieces-for-developer-.md
[2025-01-04T02:08:55.231Z] Generated markdown file: linux-beginner-friendly-cheatsheet.md
[2025-01-04T02:09:38.150Z] Updated RSS feed
[2025-01-04T02:10:44.348Z] Starting sync process
[2025-01-04T02:11:25.667Z] Found 13 posts to process
[2025-01-04T02:11:25.706Z] Generated markdown file: cloud-heath-benefits.md
[2025-01-04T02:11:25.708Z] Generated markdown file: warp-newgen=terminal.md
[2025-01-04T02:11:25.710Z] Generated markdown file: synk-and-docker.md
[2025-01-04T02:11:25.713Z] Generated markdown file: docker-tutorial.md
[2025-01-04T02:11:25.716Z] Generated markdown file: full-stack-chatapp-project.md
[2025-01-04T02:11:25.718Z] Generated markdown file: linux-operating-system.md
[2025-01-04T02:11:25.721Z] Generated markdown file: personal-chat-gpt.md
[2025-01-04T02:11:25.724Z] Generated markdown file: git&github-indepth-guide.md
[2025-01-04T02:11:25.729Z] Generated markdown file: ai-tools-for-industry.md
[2025-01-04T02:11:25.731Z] Generated markdown file: pieces-for-developer-beginner-guide.md
[2025-01-04T02:11:25.733Z] Generated markdown file: what-is-devops.md
[2025-01-04T02:11:25.735Z] Generated markdown file: everything-you-need-to-pieces-for-developer-.md
[2025-01-04T02:11:25.737Z] Generated markdown file: linux-beginner-friendly-cheatsheet.md
[2025-01-04T02:12:05.356Z] Updated RSS feed
[2025-01-04T02:13:41.304Z] Starting sync process
[2025-01-04T02:14:19.356Z] Found 13 posts to process
[2025-01-04T02:14:19.393Z] Generated markdown file: cloud-heath-benefits.md
[2025-01-04T02:14:19.394Z] Generated markdown file: warp-newgen=terminal.md
[2025-01-04T02:14:19.397Z] Generated markdown file: synk-and-docker.md
[2025-01-04T02:14:19.402Z] Generated markdown file: docker-tutorial.md
[2025-01-04T02:14:19.405Z] Generated markdown file: full-stack-chatapp-project.md
[2025-01-04T02:14:19.408Z] Generated markdown file: linux-operating-system.md
[2025-01-04T02:14:19.409Z] Generated markdown file: personal-chat-gpt.md
[2025-01-04T02:14:19.411Z] Generated markdown file: git&github-indepth-guide.md
[2025-01-04T02:14:19.413Z] Generated markdown file: ai-tools-for-industry.md
[2025-01-04T02:14:19.414Z] Generated markdown file: pieces-for-developer-beginner-guide.md
[2025-01-04T02:14:19.417Z] Generated markdown file: what-is-devops.md
[2025-01-04T02:14:19.419Z] Generated markdown file: everything-you-need-to-pieces-for-developer-.md
[2025-01-04T02:14:19.421Z] Generated markdown file: linux-beginner-friendly-cheatsheet.md
[2025-01-04T02:14:58.654Z] Updated RSS feed
[2025-01-04T02:16:51.850Z] Starting sync process
[2025-01-04T02:17:32.808Z] Found 13 posts to process
[2025-01-04T02:17:32.844Z] Generated markdown file: cloud-heath-benefits.md
[2025-01-04T02:17:32.846Z] Generated markdown file: warp-newgen=terminal.md
[2025-01-04T02:17:32.847Z] Generated markdown file: synk-and-docker.md
[2025-01-04T02:17:32.855Z] Generated markdown file: docker-tutorial.md
[2025-01-04T02:17:32.859Z] Generated markdown file: full-stack-chatapp-project.md
[2025-01-04T02:17:32.861Z] Generated markdown file: linux-operating-system.md
[2025-01-04T02:17:32.863Z] Generated markdown file: personal-chat-gpt.md
[2025-01-04T02:17:32.865Z] Generated markdown file: git&github-indepth-guide.md
[2025-01-04T02:17:32.867Z] Generated markdown file: ai-tools-for-industry.md
[2025-01-04T02:17:32.872Z] Generated markdown file: pieces-for-developer-beginner-guide.md
[2025-01-04T02:17:32.874Z] Generated markdown file: what-is-devops.md
[2025-01-04T02:17:32.877Z] Generated markdown file: everything-you-need-to-pieces-for-developer-.md
[2025-01-04T02:17:32.879Z] Generated markdown file: linux-beginner-friendly-cheatsheet.md
[2025-01-04T03:01:08.602Z] Starting sync process
[2025-01-04T03:02:01.174Z] Found 13 posts to process
[2025-01-04T03:02:01.269Z] Generated markdown file: cloud-heath-benefits.md
[2025-01-04T03:02:01.271Z] Generated markdown file: warp-newgen=terminal.md
[2025-01-04T03:02:01.274Z] Generated markdown file: synk-and-docker.md
[2025-01-04T03:02:01.286Z] Generated markdown file: docker-tutorial.md
[2025-01-04T03:02:01.288Z] Generated markdown file: full-stack-chatapp-project.md
[2025-01-04T03:02:01.291Z] Generated markdown file: linux-operating-system.md
[2025-01-04T03:02:01.293Z] Generated markdown file: personal-chat-gpt.md
[2025-01-04T03:02:01.296Z] Generated markdown file: git&github-indepth-guide.md
[2025-01-04T03:02:01.298Z] Generated markdown file: ai-tools-for-industry.md
[2025-01-04T03:02:01.302Z] Generated markdown file: pieces-for-developer-beginner-guide.md
[2025-01-04T03:02:01.303Z] Generated markdown file: what-is-devops.md
[2025-01-04T03:02:01.306Z] Generated markdown file: everything-you-need-to-pieces-for-developer-.md
[2025-01-04T03:02:01.311Z] Generated markdown file: linux-beginner-friendly-cheatsheet.md
[2025-01-04T03:02:45.704Z] Updated RSS feed
[2025-01-04T03:04:49.606Z] Starting sync process
[2025-01-04T03:05:33.555Z] Found 13 posts to process
[2025-01-04T03:05:33.643Z] Generated markdown file: cloud-heath-benefits.md
[2025-01-04T03:05:33.644Z] Generated markdown file: warp-newgen=terminal.md
[2025-01-04T03:05:33.645Z] Generated markdown file: synk-and-docker.md
[2025-01-04T03:05:33.647Z] Generated markdown file: docker-tutorial.md
[2025-01-04T03:05:33.649Z] Generated markdown file: full-stack-chatapp-project.md
[2025-01-04T03:05:33.651Z] Generated markdown file: linux-operating-system.md
[2025-01-04T03:05:33.653Z] Generated markdown file: personal-chat-gpt.md
[2025-01-04T03:05:33.654Z] Generated markdown file: git&github-indepth-guide.md
[2025-01-04T03:05:33.656Z] Generated markdown file: ai-tools-for-industry.md
[2025-01-04T03:05:33.658Z] Generated markdown file: pieces-for-developer-beginner-guide.md
[2025-01-04T03:05:33.659Z] Generated markdown file: what-is-devops.md
[2025-01-04T03:05:33.660Z] Generated markdown file: everything-you-need-to-pieces-for-developer-.md
[2025-01-04T03:05:33.661Z] Generated markdown file: linux-beginner-friendly-cheatsheet.md
[2025-01-04T03:07:35.316Z] Starting sync process
[2025-01-04T03:08:27.264Z] Found 13 posts to process
[2025-01-04T03:08:27.297Z] Generated markdown file: cloud-heath-benefits.md
[2025-01-04T03:08:27.300Z] Generated markdown file: warp-newgen=terminal.md
[2025-01-04T03:08:27.304Z] Generated markdown file: synk-and-docker.md
[2025-01-04T03:08:27.308Z] Generated markdown file: docker-tutorial.md
[2025-01-04T03:08:27.313Z] Generated markdown file: full-stack-chatapp-project.md
[2025-01-04T03:08:27.318Z] Generated markdown file: linux-operating-system.md
[2025-01-04T03:08:27.322Z] Generated markdown file: personal-chat-gpt.md
[2025-01-04T03:08:27.324Z] Generated markdown file: git&github-indepth-guide.md
[2025-01-04T03:08:27.326Z] Generated markdown file: ai-tools-for-industry.md
[2025-01-04T03:08:27.327Z] Generated markdown file: pieces-for-developer-beginner-guide.md
[2025-01-04T03:08:27.330Z] Generated markdown file: what-is-devops.md
[2025-01-04T03:08:27.333Z] Generated markdown file: everything-you-need-to-pieces-for-developer-.md
[2025-01-04T03:08:27.338Z] Generated markdown file: linux-beginner-friendly-cheatsheet.md
[2025-01-04T03:09:07.539Z] Updated RSS feed
[2025-01-04T03:09:54.290Z] Error notifying subscribers
Error: {}
[2025-01-04T03:09:54.293Z] Sync process failed
Error: {}
[2025-01-04T03:15:40.593Z] Starting sync process
[2025-01-04T03:16:23.532Z] Found 13 posts to process
[2025-01-04T03:16:23.567Z] Generated markdown file: cloud-heath-benefits.md
[2025-01-04T03:16:23.569Z] Generated markdown file: warp-newgen=terminal.md
[2025-01-04T03:16:23.573Z] Generated markdown file: synk-and-docker.md
[2025-01-04T03:16:23.577Z] Generated markdown file: docker-tutorial.md
[2025-01-04T03:16:23.580Z] Generated markdown file: full-stack-chatapp-project.md
[2025-01-04T03:16:23.583Z] Generated markdown file: linux-operating-system.md
[2025-01-04T03:16:23.584Z] Generated markdown file: personal-chat-gpt.md
[2025-01-04T03:16:23.586Z] Generated markdown file: git&github-indepth-guide.md
[2025-01-04T03:16:23.587Z] Generated markdown file: ai-tools-for-industry.md
[2025-01-04T03:16:23.590Z] Generated markdown file: pieces-for-developer-beginner-guide.md
[2025-01-04T03:16:23.592Z] Generated markdown file: what-is-devops.md
[2025-01-04T03:16:23.594Z] Generated markdown file: everything-you-need-to-pieces-for-developer-.md
[2025-01-04T03:16:23.596Z] Generated markdown file: linux-beginner-friendly-cheatsheet.md
[2025-01-04T03:17:11.543Z] Updated RSS feed
[2025-01-04T03:18:16.492Z] Starting sync process
[2025-01-04T03:19:03.196Z] Found 13 posts to process
[2025-01-04T03:19:03.292Z] Generated markdown file: cloud-heath-benefits.md
[2025-01-04T03:19:03.293Z] Generated markdown file: warp-newgen=terminal.md
[2025-01-04T03:19:03.295Z] Generated markdown file: synk-and-docker.md
[2025-01-04T03:19:03.297Z] Generated markdown file: docker-tutorial.md
[2025-01-04T03:19:03.298Z] Generated markdown file: full-stack-chatapp-project.md
[2025-01-04T03:19:03.300Z] Generated markdown file: linux-operating-system.md
[2025-01-04T03:19:03.301Z] Generated markdown file: personal-chat-gpt.md
[2025-01-04T03:19:03.303Z] Generated markdown file: git&github-indepth-guide.md
[2025-01-04T03:19:03.304Z] Generated markdown file: ai-tools-for-industry.md
[2025-01-04T03:19:03.305Z] Generated markdown file: pieces-for-developer-beginner-guide.md
[2025-01-04T03:19:03.306Z] Generated markdown file: what-is-devops.md
[2025-01-04T03:19:03.307Z] Generated markdown file: everything-you-need-to-pieces-for-developer-.md
[2025-01-04T03:19:03.308Z] Generated markdown file: linux-beginner-friendly-cheatsheet.md
[2025-01-04T03:19:42.548Z] Updated RSS feed
[2025-01-04T03:20:24.529Z] Starting sync process
[2025-01-04T03:21:12.903Z] Found 13 posts to process
[2025-01-04T03:21:13.212Z] Generated markdown file: cloud-heath-benefits.md
[2025-01-04T03:21:13.245Z] Generated markdown file: warp-newgen=terminal.md
[2025-01-04T03:21:13.252Z] Generated markdown file: synk-and-docker.md
[2025-01-04T03:21:13.258Z] Generated markdown file: docker-tutorial.md
[2025-01-04T03:21:13.263Z] Generated markdown file: full-stack-chatapp-project.md
[2025-01-04T03:21:13.314Z] Generated markdown file: linux-operating-system.md
[2025-01-04T03:21:13.319Z] Generated markdown file: personal-chat-gpt.md
[2025-01-04T03:21:13.322Z] Generated markdown file: git&github-indepth-guide.md
[2025-01-04T03:21:13.326Z] Generated markdown file: ai-tools-for-industry.md
[2025-01-04T03:21:13.328Z] Generated markdown file: pieces-for-developer-beginner-guide.md
[2025-01-04T03:21:13.329Z] Generated markdown file: what-is-devops.md
[2025-01-04T03:21:13.330Z] Generated markdown file: everything-you-need-to-pieces-for-developer-.md
[2025-01-04T03:21:13.332Z] Generated markdown file: linux-beginner-friendly-cheatsheet.md
[2025-01-04T03:22:02.636Z] Updated RSS feed
[2025-01-04T03:22:52.994Z] Starting sync process
[2025-01-04T03:23:28.038Z] Found 13 posts to process
[2025-01-04T03:23:28.217Z] Generated markdown file: cloud-heath-benefits.md
[2025-01-04T03:23:28.222Z] Generated markdown file: warp-newgen=terminal.md
[2025-01-04T03:23:28.225Z] Generated markdown file: synk-and-docker.md
[2025-01-04T03:23:28.229Z] Generated markdown file: docker-tutorial.md
[2025-01-04T03:23:28.233Z] Generated markdown file: full-stack-chatapp-project.md
[2025-01-04T03:23:28.235Z] Generated markdown file: linux-operating-system.md
[2025-01-04T03:23:28.239Z] Generated markdown file: personal-chat-gpt.md
[2025-01-04T03:23:28.241Z] Generated markdown file: git&github-indepth-guide.md
[2025-01-04T03:23:28.244Z] Generated markdown file: ai-tools-for-industry.md
[2025-01-04T03:23:28.248Z] Generated markdown file: pieces-for-developer-beginner-guide.md
[2025-01-04T03:23:28.250Z] Generated markdown file: what-is-devops.md
[2025-01-04T03:23:28.252Z] Generated markdown file: everything-you-need-to-pieces-for-developer-.md
[2025-01-04T03:23:28.253Z] Generated markdown file: linux-beginner-friendly-cheatsheet.md
[2025-01-04T03:25:00.818Z] Starting sync process
[2025-01-04T03:25:42.103Z] Found 13 posts to process
[2025-01-04T03:25:42.140Z] Generated markdown file: cloud-heath-benefits.md
[2025-01-04T03:25:42.144Z] Generated markdown file: warp-newgen=terminal.md
[2025-01-04T03:25:42.146Z] Generated markdown file: synk-and-docker.md
[2025-01-04T03:25:42.150Z] Generated markdown file: docker-tutorial.md
[2025-01-04T03:25:42.152Z] Generated markdown file: full-stack-chatapp-project.md
[2025-01-04T03:25:42.154Z] Generated markdown file: linux-operating-system.md
[2025-01-04T03:25:42.157Z] Generated markdown file: personal-chat-gpt.md
[2025-01-04T03:25:42.159Z] Generated markdown file: git&github-indepth-guide.md
[2025-01-04T03:25:42.161Z] Generated markdown file: ai-tools-for-industry.md
[2025-01-04T03:25:42.162Z] Generated markdown file: pieces-for-developer-beginner-guide.md
[2025-01-04T03:25:42.164Z] Generated markdown file: what-is-devops.md
[2025-01-04T03:25:42.167Z] Generated markdown file: everything-you-need-to-pieces-for-developer-.md
[2025-01-04T03:25:42.168Z] Generated markdown file: linux-beginner-friendly-cheatsheet.md
[2025-01-04T03:26:25.271Z] Updated RSS feed
[2025-01-04T03:27:13.332Z] Error notifying subscribers
Error: {}
[2025-01-04T03:27:13.333Z] Sync process failed
Error: {}
[2025-01-04T03:35:46.879Z] Starting sync process
[2025-01-04T03:36:28.791Z] Found 13 posts to process
[2025-01-04T03:36:28.828Z] Generated markdown file: cloud-heath-benefits.md
[2025-01-04T03:36:28.832Z] Generated markdown file: warp-newgen=terminal.md
[2025-01-04T03:36:28.834Z] Generated markdown file: synk-and-docker.md
[2025-01-04T03:36:28.837Z] Generated markdown file: docker-tutorial.md
[2025-01-04T03:36:28.840Z] Generated markdown file: full-stack-chatapp-project.md
[2025-01-04T03:36:28.842Z] Generated markdown file: linux-operating-system.md
[2025-01-04T03:36:28.844Z] Generated markdown file: personal-chat-gpt.md
[2025-01-04T03:36:28.850Z] Generated markdown file: git&github-indepth-guide.md
[2025-01-04T03:36:28.874Z] Generated markdown file: ai-tools-for-industry.md
[2025-01-04T03:36:28.875Z] Generated markdown file: pieces-for-developer-beginner-guide.md
[2025-01-04T03:36:28.876Z] Generated markdown file: what-is-devops.md
[2025-01-04T03:36:28.878Z] Generated markdown file: everything-you-need-to-pieces-for-developer-.md
[2025-01-04T03:36:28.882Z] Generated markdown file: linux-beginner-friendly-cheatsheet.md
[2025-01-04T03:37:11.238Z] Updated RSS feed
[2025-01-04T03:39:08.830Z] Starting sync process
[2025-01-04T03:39:53.984Z] Found 13 posts to process
[2025-01-04T03:39:54.024Z] Generated markdown file: cloud-heath-benefits.md
[2025-01-04T03:39:54.026Z] Generated markdown file: warp-newgen=terminal.md
[2025-01-04T03:39:54.027Z] Generated markdown file: synk-and-docker.md
[2025-01-04T03:39:54.030Z] Generated markdown file: docker-tutorial.md
[2025-01-04T03:39:54.032Z] Generated markdown file: full-stack-chatapp-project.md
[2025-01-04T03:39:54.039Z] Generated markdown file: linux-operating-system.md
[2025-01-04T03:39:54.042Z] Generated markdown file: personal-chat-gpt.md
[2025-01-04T03:39:54.046Z] Generated markdown file: git&github-indepth-guide.md
[2025-01-04T03:39:54.052Z] Generated markdown file: ai-tools-for-industry.md
[2025-01-04T03:39:54.057Z] Generated markdown file: pieces-for-developer-beginner-guide.md
[2025-01-04T03:39:54.059Z] Generated markdown file: what-is-devops.md
[2025-01-04T03:39:54.062Z] Generated markdown file: everything-you-need-to-pieces-for-developer-.md
[2025-01-04T03:39:54.065Z] Generated markdown file: linux-beginner-friendly-cheatsheet.md
[2025-01-04T03:45:02.092Z] Starting sync process
[2025-01-04T03:45:44.946Z] Found 13 posts to process
[2025-01-04T03:45:44.977Z] Generated markdown file: cloud-heath-benefits.md
[2025-01-04T03:45:44.979Z] Generated markdown file: warp-newgen=terminal.md
[2025-01-04T03:45:44.981Z] Generated markdown file: synk-and-docker.md
[2025-01-04T03:45:44.984Z] Generated markdown file: docker-tutorial.md
[2025-01-04T03:45:44.988Z] Generated markdown file: full-stack-chatapp-project.md
[2025-01-04T03:45:44.992Z] Generated markdown file: linux-operating-system.md
[2025-01-04T03:45:44.994Z] Generated markdown file: personal-chat-gpt.md
[2025-01-04T03:45:44.996Z] Generated markdown file: git&github-indepth-guide.md
[2025-01-04T03:45:45.002Z] Generated markdown file: ai-tools-for-industry.md
[2025-01-04T03:45:45.003Z] Generated markdown file: pieces-for-developer-beginner-guide.md
[2025-01-04T03:45:45.005Z] Generated markdown file: what-is-devops.md
[2025-01-04T03:45:45.007Z] Generated markdown file: everything-you-need-to-pieces-for-developer-.md
[2025-01-04T03:45:45.008Z] Generated markdown file: linux-beginner-friendly-cheatsheet.md
[2025-01-04T03:46:31.990Z] Updated RSS feed
[2025-01-04T03:47:17.308Z] Error notifying subscribers
Error: {}
[2025-01-04T03:47:17.311Z] Sync process failed
Error: {}
[2025-01-04T03:49:49.198Z] Starting sync process
[2025-01-04T03:50:30.911Z] Found 13 posts to process
[2025-01-04T03:50:30.951Z] Generated markdown file: cloud-heath-benefits.md
[2025-01-04T03:50:30.954Z] Generated markdown file: warp-newgen=terminal.md
[2025-01-04T03:50:30.956Z] Generated markdown file: synk-and-docker.md
[2025-01-04T03:50:30.959Z] Generated markdown file: docker-tutorial.md
[2025-01-04T03:50:30.961Z] Generated markdown file: full-stack-chatapp-project.md
[2025-01-04T03:50:30.964Z] Generated markdown file: linux-operating-system.md
[2025-01-04T03:50:30.969Z] Generated markdown file: personal-chat-gpt.md
[2025-01-04T03:50:30.971Z] Generated markdown file: git&github-indepth-guide.md
[2025-01-04T03:50:30.973Z] Generated markdown file: ai-tools-for-industry.md
[2025-01-04T03:50:30.975Z] Generated markdown file: pieces-for-developer-beginner-guide.md
[2025-01-04T03:50:30.977Z] Generated markdown file: what-is-devops.md
[2025-01-04T03:50:30.979Z] Generated markdown file: everything-you-need-to-pieces-for-developer-.md
[2025-01-04T03:50:30.981Z] Generated markdown file: linux-beginner-friendly-cheatsheet.md
[2025-01-04T03:51:10.320Z] Updated RSS feed
[2025-01-04T04:12:01.123Z] Starting sync process
[2025-01-04T04:12:51.202Z] Found 13 posts to process
[2025-01-04T04:12:51.255Z] Generated markdown file: cloud-heath-benefits.md
[2025-01-04T04:12:51.256Z] Generated markdown file: warp-newgen=terminal.md
[2025-01-04T04:12:51.258Z] Generated markdown file: synk-and-docker.md
[2025-01-04T04:12:51.260Z] Generated markdown file: docker-tutorial.md
[2025-01-04T04:12:51.261Z] Generated markdown file: full-stack-chatapp-project.md
[2025-01-04T04:12:51.266Z] Generated markdown file: linux-operating-system.md
[2025-01-04T04:12:51.268Z] Generated markdown file: personal-chat-gpt.md
[2025-01-04T04:12:51.271Z] Generated markdown file: git&github-indepth-guide.md
[2025-01-04T04:12:51.273Z] Generated markdown file: ai-tools-for-industry.md
[2025-01-04T04:12:51.276Z] Generated markdown file: pieces-for-developer-beginner-guide.md
[2025-01-04T04:12:51.278Z] Generated markdown file: what-is-devops.md
[2025-01-04T04:12:51.282Z] Generated markdown file: everything-you-need-to-pieces-for-developer-.md
[2025-01-04T04:12:51.285Z] Generated markdown file: linux-beginner-friendly-cheatsheet.md
[2025-01-04T04:13:35.560Z] Updated RSS feed
[2025-01-04T04:13:54.476Z] Starting sync process
[2025-01-04T04:14:44.020Z] Found 13 posts to process
[2025-01-04T04:14:44.098Z] Generated markdown file: cloud-heath-benefits.md
[2025-01-04T04:14:44.100Z] Generated markdown file: warp-newgen=terminal.md
[2025-01-04T04:14:44.104Z] Generated markdown file: synk-and-docker.md
[2025-01-04T04:14:44.109Z] Generated markdown file: docker-tutorial.md
[2025-01-04T04:14:44.113Z] Generated markdown file: full-stack-chatapp-project.md
[2025-01-04T04:14:44.121Z] Generated markdown file: linux-operating-system.md
[2025-01-04T04:14:44.123Z] Generated markdown file: personal-chat-gpt.md
[2025-01-04T04:14:44.124Z] Generated markdown file: git&github-indepth-guide.md
[2025-01-04T04:14:44.127Z] Generated markdown file: ai-tools-for-industry.md
[2025-01-04T04:14:44.129Z] Generated markdown file: pieces-for-developer-beginner-guide.md
[2025-01-04T04:14:44.131Z] Generated markdown file: what-is-devops.md
[2025-01-04T04:14:44.132Z] Generated markdown file: everything-you-need-to-pieces-for-developer-.md
[2025-01-04T04:14:44.134Z] Generated markdown file: linux-beginner-friendly-cheatsheet.md
[2025-01-04T04:15:14.588Z] Starting sync process
[2025-01-04T04:15:56.360Z] Found 13 posts to process
[2025-01-04T04:15:56.459Z] Generated markdown file: cloud-heath-benefits.md
[2025-01-04T04:15:56.464Z] Generated markdown file: warp-newgen=terminal.md
[2025-01-04T04:15:56.467Z] Generated markdown file: synk-and-docker.md
[2025-01-04T04:15:56.472Z] Generated markdown file: docker-tutorial.md
[2025-01-04T04:15:56.481Z] Generated markdown file: full-stack-chatapp-project.md
[2025-01-04T04:15:56.485Z] Generated markdown file: linux-operating-system.md
[2025-01-04T04:15:56.491Z] Generated markdown file: personal-chat-gpt.md
[2025-01-04T04:15:56.493Z] Generated markdown file: git&github-indepth-guide.md
[2025-01-04T04:15:56.498Z] Generated markdown file: ai-tools-for-industry.md
[2025-01-04T04:15:56.500Z] Generated markdown file: pieces-for-developer-beginner-guide.md
[2025-01-04T04:15:56.502Z] Generated markdown file: what-is-devops.md
[2025-01-04T04:15:56.506Z] Generated markdown file: everything-you-need-to-pieces-for-developer-.md
[2025-01-04T04:15:56.511Z] Generated markdown file: linux-beginner-friendly-cheatsheet.md
